/workspace/src/install/swarm/lib/python3.10/site-packages/swarm/local_pos_csv_writer.py
/workspace/src/install/swarm/lib/python3.10/site-packages/swarm/drone_sync.py
/workspace/src/install/swarm/lib/python3.10/site-packages/swarm/dist.py
/workspace/src/install/swarm/lib/python3.10/site-packages/swarm/follow.py
/workspace/src/install/swarm/lib/python3.10/site-packages/swarm/__init__.py
/workspace/src/install/swarm/lib/python3.10/site-packages/swarm/go.py
/workspace/src/install/swarm/lib/python3.10/site-packages/swarm/slavery.py
/workspace/src/install/swarm/lib/python3.10/site-packages/swarm/rangefinder.py
/workspace/src/install/swarm/lib/python3.10/site-packages/swarm/pp.py
/workspace/src/install/swarm/lib/python3.10/site-packages/swarm/local_pose.py
/workspace/src/install/swarm/lib/python3.10/site-packages/swarm/planner.py
/workspace/src/install/swarm/lib/python3.10/site-packages/swarm/yaw2.py
/workspace/src/install/swarm/lib/python3.10/site-packages/swarm/lazy_pose.py
/workspace/src/install/swarm/lib/python3.10/site-packages/swarm/tof.py
/workspace/src/install/swarm/lib/python3.10/site-packages/swarm/__pycache__/local_pos_csv_writer.cpython-310.pyc
/workspace/src/install/swarm/lib/python3.10/site-packages/swarm/__pycache__/drone_sync.cpython-310.pyc
/workspace/src/install/swarm/lib/python3.10/site-packages/swarm/__pycache__/dist.cpython-310.pyc
/workspace/src/install/swarm/lib/python3.10/site-packages/swarm/__pycache__/follow.cpython-310.pyc
/workspace/src/install/swarm/lib/python3.10/site-packages/swarm/__pycache__/__init__.cpython-310.pyc
/workspace/src/install/swarm/lib/python3.10/site-packages/swarm/__pycache__/go.cpython-310.pyc
/workspace/src/install/swarm/lib/python3.10/site-packages/swarm/__pycache__/slavery.cpython-310.pyc
/workspace/src/install/swarm/lib/python3.10/site-packages/swarm/__pycache__/rangefinder.cpython-310.pyc
/workspace/src/install/swarm/lib/python3.10/site-packages/swarm/__pycache__/pp.cpython-310.pyc
/workspace/src/install/swarm/lib/python3.10/site-packages/swarm/__pycache__/local_pose.cpython-310.pyc
/workspace/src/install/swarm/lib/python3.10/site-packages/swarm/__pycache__/planner.cpython-310.pyc
/workspace/src/install/swarm/lib/python3.10/site-packages/swarm/__pycache__/yaw2.cpython-310.pyc
/workspace/src/install/swarm/lib/python3.10/site-packages/swarm/__pycache__/lazy_pose.cpython-310.pyc
/workspace/src/install/swarm/lib/python3.10/site-packages/swarm/__pycache__/tof.cpython-310.pyc
/workspace/src/install/swarm/share/ament_index/resource_index/packages/swarm
/workspace/src/install/swarm/share/swarm/package.xml
/workspace/src/install/swarm/share/swarm/launch/leader.launch.py
/workspace/src/install/swarm/share/swarm/launch/observer.launch.py
/workspace/src/install/swarm/share/swarm/launch/follower.launch.py
/workspace/src/install/swarm/share/swarm/launch/mavros.launch.py
/workspace/src/install/swarm/share/swarm/launch/swarm_mavros.launch.py
/workspace/src/install/swarm/lib/python3.10/site-packages/swarm-0.0.0-py3.10.egg-info/zip-safe
/workspace/src/install/swarm/lib/python3.10/site-packages/swarm-0.0.0-py3.10.egg-info/entry_points.txt
/workspace/src/install/swarm/lib/python3.10/site-packages/swarm-0.0.0-py3.10.egg-info/requires.txt
/workspace/src/install/swarm/lib/python3.10/site-packages/swarm-0.0.0-py3.10.egg-info/SOURCES.txt
/workspace/src/install/swarm/lib/python3.10/site-packages/swarm-0.0.0-py3.10.egg-info/dependency_links.txt
/workspace/src/install/swarm/lib/python3.10/site-packages/swarm-0.0.0-py3.10.egg-info/PKG-INFO
/workspace/src/install/swarm/lib/python3.10/site-packages/swarm-0.0.0-py3.10.egg-info/top_level.txt
/workspace/src/install/swarm/lib/swarm/finder
/workspace/src/install/swarm/lib/swarm/follow
/workspace/src/install/swarm/lib/swarm/lazy
/workspace/src/install/swarm/lib/swarm/local_pos_csv_writer
/workspace/src/install/swarm/lib/swarm/local_pose
/workspace/src/install/swarm/lib/swarm/planner
/workspace/src/install/swarm/lib/swarm/slavery
/workspace/src/install/swarm/lib/swarm/takeoff
/workspace/src/install/swarm/lib/swarm/tof
