-- The C compiler identification is GNU 11.4.0
-- The CXX compiler identification is GNU 11.4.0
-- Detecting C compiler ABI info
-- Detecting C compiler ABI info - done
-- Check for working C compiler: /usr/lib/ccache/cc - skipped
-- Detecting C compile features
-- Detecting C compile features - done
-- Detecting CXX compiler ABI info
-- Detecting CXX compiler ABI info - done
-- Check for working CXX compiler: /usr/lib/ccache/c++ - skipped
-- Detecting CXX compile features
-- Detecting CXX compile features - done
-- Found ament_cmake: 1.3.12 (/opt/ros/humble/share/ament_cmake/cmake)
-- Found Python3: /usr/bin/python3 (found version "3.10.12") found components: Interpreter 
-- Found rclcpp: 16.0.17 (/opt/ros/humble/share/rclcpp/cmake)
-- Found rosidl_generator_c: 3.1.8 (/opt/ros/humble/share/rosidl_generator_c/cmake)
-- Found rosidl_adapter: 3.1.8 (/opt/ros/humble/share/rosidl_adapter/cmake)
-- Found rosidl_generator_cpp: 3.1.8 (/opt/ros/humble/share/rosidl_generator_cpp/cmake)
-- Using all available rosidl_typesupport_c: rosidl_typesupport_fastrtps_c;rosidl_typesupport_introspection_c
-- Using all available rosidl_typesupport_cpp: rosidl_typesupport_fastrtps_cpp;rosidl_typesupport_introspection_cpp
-- Found rmw_implementation_cmake: 6.1.2 (/opt/ros/humble/share/rmw_implementation_cmake/cmake)
-- Found rmw_fastrtps_cpp: 6.2.9 (/opt/ros/humble/share/rmw_fastrtps_cpp/cmake)
-- Found OpenSSL: /usr/lib/x86_64-linux-gnu/libcrypto.so (found version "3.0.2")  
-- Found FastRTPS: /opt/ros/humble/include  
-- Using RMW implementation 'rmw_fastrtps_cpp' as default
-- Looking for pthread.h
-- Looking for pthread.h - found
-- Performing Test CMAKE_HAVE_LIBC_PTHREAD
-- Performing Test CMAKE_HAVE_LIBC_PTHREAD - Success
-- Found Threads: TRUE  
-- Found geometry_msgs: 4.9.0 (/opt/ros/humble/share/geometry_msgs/cmake)
-- Found OpenMP_C: -fopenmp (found version "4.5") 
-- Found OpenMP_CXX: -fopenmp (found version "4.5") 
-- Found OpenMP: TRUE (found version "4.5")  
-- mine_detector (VNA node) will NOT be built - libiio dependency missing
-- Configuring done
-- Generating done
-- Build files have been written to: /home/rishabh/Robofest25/workspace/src/build/mine_detector
[ 50%] [32mBuilding CXX object CMakeFiles/mine_recorder.dir/src/mine_recorder.cpp.o[0m
[100%] [32m[1mLinking CXX executable mine_recorder[0m
[100%] Built target mine_recorder
-- Install configuration: ""
-- Installing: /home/rishabh/Robofest25/workspace/src/install/mine_detector/lib/mine_detector/mine_recorder
-- Set runtime path of "/home/rishabh/Robofest25/workspace/src/install/mine_detector/lib/mine_detector/mine_recorder" to ""
-- Installing: /home/rishabh/Robofest25/workspace/src/install/mine_detector/share/ament_index/resource_index/package_run_dependencies/mine_detector
-- Installing: /home/rishabh/Robofest25/workspace/src/install/mine_detector/share/ament_index/resource_index/parent_prefix_path/mine_detector
-- Installing: /home/rishabh/Robofest25/workspace/src/install/mine_detector/share/mine_detector/environment/ament_prefix_path.sh
-- Installing: /home/rishabh/Robofest25/workspace/src/install/mine_detector/share/mine_detector/environment/ament_prefix_path.dsv
-- Installing: /home/rishabh/Robofest25/workspace/src/install/mine_detector/share/mine_detector/environment/path.sh
-- Installing: /home/rishabh/Robofest25/workspace/src/install/mine_detector/share/mine_detector/environment/path.dsv
-- Installing: /home/rishabh/Robofest25/workspace/src/install/mine_detector/share/mine_detector/local_setup.bash
-- Installing: /home/rishabh/Robofest25/workspace/src/install/mine_detector/share/mine_detector/local_setup.sh
-- Installing: /home/rishabh/Robofest25/workspace/src/install/mine_detector/share/mine_detector/local_setup.zsh
-- Installing: /home/rishabh/Robofest25/workspace/src/install/mine_detector/share/mine_detector/local_setup.dsv
-- Installing: /home/rishabh/Robofest25/workspace/src/install/mine_detector/share/mine_detector/package.dsv
-- Installing: /home/rishabh/Robofest25/workspace/src/install/mine_detector/share/ament_index/resource_index/packages/mine_detector
-- Installing: /home/rishabh/Robofest25/workspace/src/install/mine_detector/share/mine_detector/cmake/mine_detectorConfig.cmake
-- Installing: /home/rishabh/Robofest25/workspace/src/install/mine_detector/share/mine_detector/cmake/mine_detectorConfig-version.cmake
-- Installing: /home/rishabh/Robofest25/workspace/src/install/mine_detector/share/mine_detector/package.xml
