[0.007s] Invoking command in '/home/rishabh/Robofest25/workspace/src/build/mine_detector': CMAKE_PREFIX_PATH=/opt/ros/humble /usr/bin/cmake /home/rishabh/Robofest25/workspace/src/mine_detector -DCMAKE_INSTALL_PREFIX=/home/rishabh/Robofest25/workspace/src/install/mine_detector
[0.153s] -- The C compiler identification is GNU 11.4.0
[0.260s] -- The CXX compiler identification is GNU 11.4.0
[0.271s] -- Detecting C compiler ABI info
[0.339s] -- Detecting C compiler ABI info - done
[0.348s] -- Check for working C compiler: /usr/lib/ccache/cc - skipped
[0.348s] -- Detecting C compile features
[0.349s] -- Detecting C compile features - done
[0.353s] -- Detecting CXX compiler ABI info
[0.428s] -- Detecting CXX compiler ABI info - done
[0.433s] -- Check for working CXX compiler: /usr/lib/ccache/c++ - skipped
[0.433s] -- Detecting CXX compile features
[0.433s] -- Detecting CXX compile features - done
[0.437s] -- Found ament_cmake: 1.3.12 (/opt/ros/humble/share/ament_cmake/cmake)
[0.695s] -- Found Python3: /usr/bin/python3 (found version "3.10.12") found components: Interpreter 
[0.769s] -- Found rclcpp: 16.0.17 (/opt/ros/humble/share/rclcpp/cmake)
[0.813s] -- Found rosidl_generator_c: 3.1.8 (/opt/ros/humble/share/rosidl_generator_c/cmake)
[0.816s] -- Found rosidl_adapter: 3.1.8 (/opt/ros/humble/share/rosidl_adapter/cmake)
[0.822s] -- Found rosidl_generator_cpp: 3.1.8 (/opt/ros/humble/share/rosidl_generator_cpp/cmake)
[0.831s] -- Using all available rosidl_typesupport_c: rosidl_typesupport_fastrtps_c;rosidl_typesupport_introspection_c
[0.842s] -- Using all available rosidl_typesupport_cpp: rosidl_typesupport_fastrtps_cpp;rosidl_typesupport_introspection_cpp
[0.872s] -- Found rmw_implementation_cmake: 6.1.2 (/opt/ros/humble/share/rmw_implementation_cmake/cmake)
[0.874s] -- Found rmw_fastrtps_cpp: 6.2.9 (/opt/ros/humble/share/rmw_fastrtps_cpp/cmake)
[0.962s] -- Found OpenSSL: /usr/lib/x86_64-linux-gnu/libcrypto.so (found version "3.0.2")  
[0.995s] -- Found FastRTPS: /opt/ros/humble/include  
[1.039s] -- Using RMW implementation 'rmw_fastrtps_cpp' as default
[1.046s] -- Looking for pthread.h
[1.153s] -- Looking for pthread.h - found
[1.154s] -- Performing Test CMAKE_HAVE_LIBC_PTHREAD
[1.266s] -- Performing Test CMAKE_HAVE_LIBC_PTHREAD - Success
[1.267s] -- Found Threads: TRUE  
[1.308s] -- Found geometry_msgs: 4.9.0 (/opt/ros/humble/share/geometry_msgs/cmake)
[1.638s] -- Found OpenMP_C: -fopenmp (found version "4.5") 
[1.754s] -- Found OpenMP_CXX: -fopenmp (found version "4.5") 
[1.754s] -- Found OpenMP: TRUE (found version "4.5")  
[1.755s] -- mine_detector (VNA node) will NOT be built - libiio dependency missing
[1.755s] [33mCMake Warning at CMakeLists.txt:36 (message):
[1.755s]   libiio not found! mine_detector will not be built.  Install with: sudo apt
[1.755s]   install libiio-dev
[1.755s] 
[1.756s] [0m
[1.820s] -- Configuring done
[1.825s] -- Generating done
[1.827s] -- Build files have been written to: /home/rishabh/Robofest25/workspace/src/build/mine_detector
[1.834s] Invoked command in '/home/rishabh/Robofest25/workspace/src/build/mine_detector' returned '0': CMAKE_PREFIX_PATH=/opt/ros/humble /usr/bin/cmake /home/rishabh/Robofest25/workspace/src/mine_detector -DCMAKE_INSTALL_PREFIX=/home/rishabh/Robofest25/workspace/src/install/mine_detector
[1.836s] Invoking command in '/home/rishabh/Robofest25/workspace/src/build/mine_detector': CMAKE_PREFIX_PATH=/opt/ros/humble /usr/bin/cmake --build /home/rishabh/Robofest25/workspace/src/build/mine_detector -- -j20 -l20
[1.893s] [ 50%] [32mBuilding CXX object CMakeFiles/mine_recorder.dir/src/mine_recorder.cpp.o[0m
[11.204s] [100%] [32m[1mLinking CXX executable mine_recorder[0m
[11.671s] [100%] Built target mine_recorder
[11.683s] Invoked command in '/home/rishabh/Robofest25/workspace/src/build/mine_detector' returned '0': CMAKE_PREFIX_PATH=/opt/ros/humble /usr/bin/cmake --build /home/rishabh/Robofest25/workspace/src/build/mine_detector -- -j20 -l20
[11.697s] Invoking command in '/home/rishabh/Robofest25/workspace/src/build/mine_detector': CMAKE_PREFIX_PATH=/opt/ros/humble /usr/bin/cmake --install /home/rishabh/Robofest25/workspace/src/build/mine_detector
[11.705s] -- Install configuration: ""
[11.705s] -- Installing: /home/rishabh/Robofest25/workspace/src/install/mine_detector/lib/mine_detector/mine_recorder
[11.711s] -- Set runtime path of "/home/rishabh/Robofest25/workspace/src/install/mine_detector/lib/mine_detector/mine_recorder" to ""
[11.712s] -- Installing: /home/rishabh/Robofest25/workspace/src/install/mine_detector/share/ament_index/resource_index/package_run_dependencies/mine_detector
[11.712s] -- Installing: /home/rishabh/Robofest25/workspace/src/install/mine_detector/share/ament_index/resource_index/parent_prefix_path/mine_detector
[11.712s] -- Installing: /home/rishabh/Robofest25/workspace/src/install/mine_detector/share/mine_detector/environment/ament_prefix_path.sh
[11.712s] -- Installing: /home/rishabh/Robofest25/workspace/src/install/mine_detector/share/mine_detector/environment/ament_prefix_path.dsv
[11.712s] -- Installing: /home/rishabh/Robofest25/workspace/src/install/mine_detector/share/mine_detector/environment/path.sh
[11.712s] -- Installing: /home/rishabh/Robofest25/workspace/src/install/mine_detector/share/mine_detector/environment/path.dsv
[11.712s] -- Installing: /home/rishabh/Robofest25/workspace/src/install/mine_detector/share/mine_detector/local_setup.bash
[11.712s] -- Installing: /home/rishabh/Robofest25/workspace/src/install/mine_detector/share/mine_detector/local_setup.sh
[11.712s] -- Installing: /home/rishabh/Robofest25/workspace/src/install/mine_detector/share/mine_detector/local_setup.zsh
[11.712s] -- Installing: /home/rishabh/Robofest25/workspace/src/install/mine_detector/share/mine_detector/local_setup.dsv
[11.712s] -- Installing: /home/rishabh/Robofest25/workspace/src/install/mine_detector/share/mine_detector/package.dsv
[11.712s] -- Installing: /home/rishabh/Robofest25/workspace/src/install/mine_detector/share/ament_index/resource_index/packages/mine_detector
[11.712s] -- Installing: /home/rishabh/Robofest25/workspace/src/install/mine_detector/share/mine_detector/cmake/mine_detectorConfig.cmake
[11.712s] -- Installing: /home/rishabh/Robofest25/workspace/src/install/mine_detector/share/mine_detector/cmake/mine_detectorConfig-version.cmake
[11.713s] -- Installing: /home/rishabh/Robofest25/workspace/src/install/mine_detector/share/mine_detector/package.xml
[11.714s] Invoked command in '/home/rishabh/Robofest25/workspace/src/build/mine_detector' returned '0': CMAKE_PREFIX_PATH=/opt/ros/humble /usr/bin/cmake --install /home/rishabh/Robofest25/workspace/src/build/mine_detector
